{
  "RSpec": {
    "coverage": {
      "/home/kevin/proj/stats_sample/lib/baseball.rb": [
        1,
        1,
        null,
        1,
        8,
        null,
        1,
        null,
        1,
        1,
        null,
        null,
        1,
        1,
        null,
        null,
        1,
        1,
        null,
        null,
        1,
        1,
        null,
        null,
        null
      ],
      "/home/kevin/proj/stats_sample/lib/baseball/calc_most_improved.rb": [
        1,
        1,
        1,
        null,
        1,
        null,
        1,
        null,
        3,
        3,
        null,
        2,
        null,
        1,
        null,
        1,
        null,
        null,
        1,
        2,
        2,
        null,
        null,
        2,
        null,
        null,
        2,
        null,
        null,
        1,
        6,
        8,
        null,
        null,
        1,
        2,
        2,
        2,
        5,
        5,
        5,
        5,
        null,
        2,
        null,
        null,
        1,
        6,
        null,
        null,
        1,
        8,
        null,
        null,
        1,
        10,
        null,
        null,
        null,
        null
      ],
      "/home/kevin/proj/stats_sample/lib/baseball/player.rb": [
        1,
        null,
        1,
        1,
        null,
        null,
        null
      ],
      "/home/kevin/proj/stats_sample/lib/baseball/mem_db.rb": [
        1,
        null,
        1,
        1,
        null,
        1,
        1,
        1,
        null,
        null,
        1,
        2,
        2,
        2,
        null,
        null,
        1,
        1,
        1,
        1,
        1,
        1,
        1,
        1,
        1,
        1,
        1,
        1,
        1,
        1,
        1,
        1,
        1,
        null,
        null,
        null,
        null,
        1,
        1,
        1,
        1,
        1,
        1,
        1,
        null,
        null,
        null,
        null,
        1,
        1,
        null,
        null,
        null,
        null,
        null,
        null
      ],
      "/home/kevin/proj/stats_sample/lib/baseball/importer.rb": [
        1,
        1,
        null,
        1,
        1,
        1,
        null,
        null,
        1,
        1,
        1,
        10,
        9,
        null,
        null,
        null,
        1,
        9,
        null,
        null,
        null,
        null,
        1,
        1,
        1,
        40,
        null,
        null,
        null,
        1,
        10,
        null,
        null,
        1,
        40,
        null,
        null,
        null,
        null,
        null,
        null,
        null,
        null,
        null,
        null
      ],
      "/home/kevin/proj/stats_sample/lib/baseball/batting_data.rb": [
        1,
        null,
        null,
        1,
        1,
        null,
        null,
        1,
        2,
        1,
        null,
        null,
        1,
        2,
        1,
        null,
        null,
        1,
        3,
        null,
        null,
        1,
        2,
        2,
        null,
        null,
        null
      ],
      "/home/kevin/proj/stats_sample/lib/baseball/calc_team_sluggers.rb": [
        1,
        1,
        1,
        null,
        1,
        null,
        null,
        1,
        2,
        2,
        2,
        2,
        null,
        1,
        null,
        null,
        null
      ]
    },
    "timestamp": 1424730915
  },
  "Unknown Test Framework": {
    "coverage": {
    },
    "timestamp": 1396825331
  }
}
